[     307ms] [INFO] %cDownload the React DevTools for a better development experience: https://react.dev/link/react-devtools font-weight:bold @ http://localhost:3000/_next/static/chunks/node_modules_next_dist_115brz8._.js:2431
[     347ms] [LOG] [HMR] connected @ http://localhost:3000/_next/static/chunks/node_modules_next_dist_115brz8._.js:2431
[  228117ms] [LOG] [Fast Refresh] rebuilding @ http://localhost:3000/_next/static/chunks/node_modules_next_dist_115brz8._.js:2431
[  228278ms] [LOG] [Fast Refresh] done in 188ms @ http://localhost:3000/_next/static/chunks/node_modules_next_dist_115brz8._.js:2431
[  228468ms] [LOG] [Fast Refresh] rebuilding @ http://localhost:3000/_next/static/chunks/node_modules_next_dist_115brz8._.js:2431
[  228559ms] [INFO] %c[TikTok] 

We're hiring!
Are you ready to make a change?
Check out some of our available positions at https://careers.tiktok.com/ color: #fe2c55 @ http://localhost:3000/_next/static/chunks/node_modules_next_dist_115brz8._.js:2431
[  228575ms] [LOG] [Fast Refresh] done in 207ms @ http://localhost:3000/_next/static/chunks/node_modules_next_dist_115brz8._.js:2431
[  228874ms] [LOG] [Fast Refresh] rebuilding @ http://localhost:3000/_next/static/chunks/node_modules_next_dist_115brz8._.js:2431
[  228881ms] [LOG] [Fast Refresh] done in 109ms @ http://localhost:3000/_next/static/chunks/node_modules_next_dist_115brz8._.js:2431
[  228982ms] [LOG] [Fast Refresh] rebuilding @ http://localhost:3000/_next/static/chunks/node_modules_next_dist_115brz8._.js:2431
[  229019ms] [LOG] [Fast Refresh] done in 138ms @ http://localhost:3000/_next/static/chunks/node_modules_next_dist_115brz8._.js:2431
[  229167ms] [INFO] . @ https://sf16-website-login.neutral.ttwstatic.com/obj/tiktok_web_login_static/webmssdk/1.0.0.223/webmssdk.js:0
[  229176ms] [INFO] . @ https://sf16-website-login.neutral.ttwstatic.com/obj/tiktok_web_login_static/webmssdk/1.0.0.223/webmssdk.js:0
[  229228ms] [INFO] . @ https://sf16-website-login.neutral.ttwstatic.com/obj/tiktok_web_login_static/webmssdk/1.0.0.223/webmssdk.js:0
[  230058ms] [INFO] . @ https://sf16-website-login.neutral.ttwstatic.com/obj/tiktok_web_login_static/webmssdk/1.0.0.223/webmssdk.js:0
[  230446ms] [ERROR] Permissions policy violation: accelerometer is not allowed in this document. @ https://sf16-website-login.neutral.ttwstatic.com/obj/tiktok_web_login_static/embed/static/tiktok-embed.module.1f1ab0fbe45bcde2a3be.js:51
[  230446ms] [WARNING] The devicemotion events are blocked by permissions policy. See https://github.com/w3c/webappsec-permissions-policy/blob/master/features.md#sensor-features @ https://sf16-website-login.neutral.ttwstatic.com/obj/tiktok_web_login_static/embed/static/tiktok-embed.module.1f1ab0fbe45bcde2a3be.js:51
[  230472ms] [ERROR] Permissions policy violation: accelerometer is not allowed in this document. @ https://sf16-website-login.neutral.ttwstatic.com/obj/tiktok_web_login_static/embed/static/tiktok-embed.module.1f1ab0fbe45bcde2a3be.js:51
[  230473ms] [WARNING] The devicemotion events are blocked by permissions policy. See https://github.com/w3c/webappsec-permissions-policy/blob/master/features.md#sensor-features @ https://sf16-website-login.neutral.ttwstatic.com/obj/tiktok_web_login_static/embed/static/tiktok-embed.module.1f1ab0fbe45bcde2a3be.js:51
[  230498ms] [ERROR] Permissions policy violation: accelerometer is not allowed in this document. @ https://sf16-website-login.neutral.ttwstatic.com/obj/tiktok_web_login_static/tiktok_privacy_protection_framework/loader/1.0.0.943/index.js:3
[  230498ms] [WARNING] The devicemotion events are blocked by permissions policy. See https://github.com/w3c/webappsec-permissions-policy/blob/master/features.md#sensor-features @ https://sf16-website-login.neutral.ttwstatic.com/obj/tiktok_web_login_static/tiktok_privacy_protection_framework/loader/1.0.0.943/index.js:3
[  230502ms] [ERROR] Failed to load resource: the server responded with a status of 403 () @ https://mon.tiktokv.com/monitor_browser/collect/batch/?bid=tiktok_pns_web_runtime:0
[  231141ms] [ERROR] Permissions policy violation: accelerometer is not allowed in this document. @ https://sf16-website-login.neutral.ttwstatic.com/obj/tiktok_web_login_static/tiktok_privacy_protection_framework/loader/1.0.0.943/index.js:3
[  231141ms] [WARNING] The devicemotion events are blocked by permissions policy. See https://github.com/w3c/webappsec-permissions-policy/blob/master/features.md#sensor-features @ https://sf16-website-login.neutral.ttwstatic.com/obj/tiktok_web_login_static/tiktok_privacy_protection_framework/loader/1.0.0.943/index.js:3
[  232319ms] [ERROR] Access to XMLHttpRequest at 'https://mon.tiktokv.com/monitor_browser/collect/batch/?biz_id=tiktok_web_embed' from origin 'https://www.tiktok.com' has been blocked by CORS policy: Response to preflight request doesn't pass access control check: No 'Access-Control-Allow-Origin' header is present on the requested resource. @ https://www.tiktok.com/embed/v2/7625407953041902878?lang=en-US&referrer=http%3A%2F%2Flocalhost%3A3000%2F%23portfolio&embedFrom=oembed:0
[  232319ms] [ERROR] Failed to load resource: net::ERR_FAILED @ https://mon.tiktokv.com/monitor_browser/collect/batch/?biz_id=tiktok_web_embed:0
[  233198ms] [ERROR] Access to fetch at 'https://mon.tiktokv.com/monitor_browser/collect/batch/?bid=tiktok_pns_web_runtime' from origin 'https://www.tiktok.com' has been blocked by CORS policy: Response to preflight request doesn't pass access control check: No 'Access-Control-Allow-Origin' header is present on the requested resource. @ https://www.tiktok.com/embed/v2/7625407953041902878?lang=en-US&referrer=http%3A%2F%2Flocalhost%3A3000%2F%23portfolio&embedFrom=oembed:0
[  233198ms] [ERROR] Failed to load resource: net::ERR_FAILED @ https://mon.tiktokv.com/monitor_browser/collect/batch/?bid=tiktok_pns_web_runtime:0
[  233199ms] [ERROR] Access to fetch at 'https://mon.tiktokv.com/monitor_browser/collect/batch/?bid=tiktok_pns_web_runtime' from origin 'https://www.tiktok.com' has been blocked by CORS policy: Response to preflight request doesn't pass access control check: No 'Access-Control-Allow-Origin' header is present on the requested resource. @ https://www.tiktok.com/embed/v2/7625407953041902878?lang=en-US&referrer=http%3A%2F%2Flocalhost%3A3000%2F%23portfolio&embedFrom=oembed:0
[  233199ms] [ERROR] Failed to load resource: net::ERR_FAILED @ https://mon.tiktokv.com/monitor_browser/collect/batch/?bid=tiktok_pns_web_runtime:0
[  233234ms] [ERROR] Access to XMLHttpRequest at 'https://mon.tiktokv.com/monitor_browser/collect/batch/?biz_id=webmssdk' from origin 'https://www.tiktok.com' has been blocked by CORS policy: Response to preflight request doesn't pass access control check: No 'Access-Control-Allow-Origin' header is present on the requested resource. @ https://www.tiktok.com/embed/v2/7625407953041902878?lang=en-US&referrer=http%3A%2F%2Flocalhost%3A3000%2F%23portfolio&embedFrom=oembed:0
[  233234ms] [ERROR] Failed to load resource: net::ERR_FAILED @ https://mon.tiktokv.com/monitor_browser/collect/batch/?biz_id=webmssdk:0
[  233471ms] [ERROR] Access to fetch at 'https://mon.tiktokv.com/monitor_browser/collect/batch/?bid=tiktok_pns_web_runtime' from origin 'https://www.tiktok.com' has been blocked by CORS policy: Response to preflight request doesn't pass access control check: No 'Access-Control-Allow-Origin' header is present on the requested resource. @ https://www.tiktok.com/embed/v2/7625407953041902878?lang=en-US&referrer=http%3A%2F%2Flocalhost%3A3000%2F%23portfolio&embedFrom=oembed:0
[  233472ms] [ERROR] Failed to load resource: net::ERR_FAILED @ https://mon.tiktokv.com/monitor_browser/collect/batch/?bid=tiktok_pns_web_runtime:0
[  233526ms] [ERROR] Access to XMLHttpRequest at 'https://mon.tiktokv.com/monitor_browser/collect/batch/?biz_id=tiktok_web_embed' from origin 'https://www.tiktok.com' has been blocked by CORS policy: Response to preflight request doesn't pass access control check: No 'Access-Control-Allow-Origin' header is present on the requested resource. @ https://www.tiktok.com/embed/v2/7615970225393077524?lang=en-US&referrer=http%3A%2F%2Flocalhost%3A3000%2F%23portfolio&embedFrom=oembed:0
[  233527ms] [ERROR] Failed to load resource: net::ERR_FAILED @ https://mon.tiktokv.com/monitor_browser/collect/batch/?biz_id=tiktok_web_embed:0
[  233576ms] [ERROR] Access to XMLHttpRequest at 'https://mon.tiktokv.com/monitor_browser/collect/batch/?biz_id=pns_cookie_banner_slardar' from origin 'https://www.tiktok.com' has been blocked by CORS policy: Response to preflight request doesn't pass access control check: No 'Access-Control-Allow-Origin' header is present on the requested resource. @ https://www.tiktok.com/embed/v2/7625407953041902878?lang=en-US&referrer=http%3A%2F%2Flocalhost%3A3000%2F%23portfolio&embedFrom=oembed:0
[  233576ms] [ERROR] Failed to load resource: net::ERR_FAILED @ https://mon.tiktokv.com/monitor_browser/collect/batch/?biz_id=pns_cookie_banner_slardar:0
[  233622ms] [ERROR] Access to XMLHttpRequest at 'https://mon.tiktokv.com/monitor_browser/collect/batch/?biz_id=pns_consent_system' from origin 'https://www.tiktok.com' has been blocked by CORS policy: Response to preflight request doesn't pass access control check: No 'Access-Control-Allow-Origin' header is present on the requested resource. @ https://www.tiktok.com/embed/v2/7625407953041902878?lang=en-US&referrer=http%3A%2F%2Flocalhost%3A3000%2F%23portfolio&embedFrom=oembed:0
[  233622ms] [ERROR] Failed to load resource: net::ERR_FAILED @ https://mon.tiktokv.com/monitor_browser/collect/batch/?biz_id=pns_consent_system:0
[  233628ms] [ERROR] Access to XMLHttpRequest at 'https://mon.tiktokv.com/monitor_browser/collect/batch/?biz_id=pns_cookie_banner_slardar' from origin 'https://www.tiktok.com' has been blocked by CORS policy: Response to preflight request doesn't pass access control check: No 'Access-Control-Allow-Origin' header is present on the requested resource. @ https://www.tiktok.com/embed/v2/7625407953041902878?lang=en-US&referrer=http%3A%2F%2Flocalhost%3A3000%2F%23portfolio&embedFrom=oembed:0
[  233628ms] [ERROR] Failed to load resource: net::ERR_FAILED @ https://mon.tiktokv.com/monitor_browser/collect/batch/?biz_id=pns_cookie_banner_slardar:0
[  233878ms] [ERROR] Access to XMLHttpRequest at 'https://mon.tiktokv.com/monitor_browser/collect/batch/?biz_id=tiktok_web_embed' from origin 'https://www.tiktok.com' has been blocked by CORS policy: Response to preflight request doesn't pass access control check: No 'Access-Control-Allow-Origin' header is present on the requested resource. @ https://www.tiktok.com/embed/v2/7625407953041902878?lang=en-US&referrer=http%3A%2F%2Flocalhost%3A3000%2F%23portfolio&embedFrom=oembed:0
[  233878ms] [ERROR] Failed to load resource: net::ERR_FAILED @ https://mon.tiktokv.com/monitor_browser/collect/batch/?biz_id=tiktok_web_embed:0
[  234164ms] [ERROR] Access to XMLHttpRequest at 'https://mon.tiktokv.com/monitor_browser/collect/batch/?biz_id=webmssdk' from origin 'https://www.tiktok.com' has been blocked by CORS policy: Response to preflight request doesn't pass access control check: No 'Access-Control-Allow-Origin' header is present on the requested resource. @ https://www.tiktok.com/embed/v2/7615970225393077524?lang=en-US&referrer=http%3A%2F%2Flocalhost%3A3000%2F%23portfolio&embedFrom=oembed:0
[  234165ms] [ERROR] Failed to load resource: net::ERR_FAILED @ https://mon.tiktokv.com/monitor_browser/collect/batch/?biz_id=webmssdk:0
[  234287ms] [ERROR] Access to XMLHttpRequest at 'https://mon.tiktokv.com/monitor_browser/collect/batch/?biz_id=pns_consent_system' from origin 'https://www.tiktok.com' has been blocked by CORS policy: Response to preflight request doesn't pass access control check: No 'Access-Control-Allow-Origin' header is present on the requested resource. @ https://www.tiktok.com/embed/v2/7615970225393077524?lang=en-US&referrer=http%3A%2F%2Flocalhost%3A3000%2F%23portfolio&embedFrom=oembed:0
[  234288ms] [ERROR] Failed to load resource: net::ERR_FAILED @ https://mon.tiktokv.com/monitor_browser/collect/batch/?biz_id=pns_consent_system:0
[  234588ms] [ERROR] Access to XMLHttpRequest at 'https://mon.tiktokv.com/monitor_browser/collect/batch/?biz_id=tiktok_web_embed' from origin 'https://www.tiktok.com' has been blocked by CORS policy: Response to preflight request doesn't pass access control check: No 'Access-Control-Allow-Origin' header is present on the requested resource. @ https://www.tiktok.com/embed/v2/7625407953041902878?lang=en-US&referrer=http%3A%2F%2Flocalhost%3A3000%2F%23portfolio&embedFrom=oembed:0
[  234589ms] [ERROR] Failed to load resource: net::ERR_FAILED @ https://mon.tiktokv.com/monitor_browser/collect/batch/?biz_id=tiktok_web_embed:0
[  234597ms] [ERROR] Access to XMLHttpRequest at 'https://mon.tiktokv.com/monitor_browser/collect/batch/?biz_id=pns_cookie_banner_slardar' from origin 'https://www.tiktok.com' has been blocked by CORS policy: Response to preflight request doesn't pass access control check: No 'Access-Control-Allow-Origin' header is present on the requested resource. @ https://www.tiktok.com/embed/v2/7625407953041902878?lang=en-US&referrer=http%3A%2F%2Flocalhost%3A3000%2F%23portfolio&embedFrom=oembed:0
[  234597ms] [ERROR] Failed to load resource: net::ERR_FAILED @ https://mon.tiktokv.com/monitor_browser/collect/batch/?biz_id=pns_cookie_banner_slardar:0
[  234605ms] [ERROR] Access to XMLHttpRequest at 'https://mon.tiktokv.com/monitor_browser/collect/batch/?biz_id=tiktok_web_embed' from origin 'https://www.tiktok.com' has been blocked by CORS policy: Response to preflight request doesn't pass access control check: No 'Access-Control-Allow-Origin' header is present on the requested resource. @ https://www.tiktok.com/embed/v2/7625407953041902878?lang=en-US&referrer=http%3A%2F%2Flocalhost%3A3000%2F%23portfolio&embedFrom=oembed:0
[  234605ms] [ERROR] Failed to load resource: net::ERR_FAILED @ https://mon.tiktokv.com/monitor_browser/collect/batch/?biz_id=tiktok_web_embed:0
[  235297ms] [ERROR] Access to fetch at 'https://mon.tiktokv.com/monitor_browser/collect/batch/?bid=tiktok_pns_web_runtime' from origin 'https://www.tiktok.com' has been blocked by CORS policy: Response to preflight request doesn't pass access control check: No 'Access-Control-Allow-Origin' header is present on the requested resource. @ https://www.tiktok.com/embed/v2/7615970225393077524?lang=en-US&referrer=http%3A%2F%2Flocalhost%3A3000%2F%23portfolio&embedFrom=oembed:0
[  235297ms] [ERROR] Failed to load resource: net::ERR_FAILED @ https://mon.tiktokv.com/monitor_browser/collect/batch/?bid=tiktok_pns_web_runtime:0
[  235328ms] [ERROR] Access to XMLHttpRequest at 'https://mon.tiktokv.com/monitor_browser/collect/batch/?biz_id=pns_cookie_banner_slardar' from origin 'https://www.tiktok.com' has been blocked by CORS policy: Response to preflight request doesn't pass access control check: No 'Access-Control-Allow-Origin' header is present on the requested resource. @ https://www.tiktok.com/embed/v2/7625407953041902878?lang=en-US&referrer=http%3A%2F%2Flocalhost%3A3000%2F%23portfolio&embedFrom=oembed:0
[  235328ms] [ERROR] Failed to load resource: net::ERR_FAILED @ https://mon.tiktokv.com/monitor_browser/collect/batch/?biz_id=pns_cookie_banner_slardar:0
[  235633ms] [ERROR] Access to XMLHttpRequest at 'https://mon.tiktokv.com/monitor_browser/collect/batch/?biz_id=webmssdk' from origin 'https://www.tiktok.com' has been blocked by CORS policy: Response to preflight request doesn't pass access control check: No 'Access-Control-Allow-Origin' header is present on the requested resource. @ https://www.tiktok.com/embed/v2/7625407953041902878?lang=en-US&referrer=http%3A%2F%2Flocalhost%3A3000%2F%23portfolio&embedFrom=oembed:0
[  235633ms] [ERROR] Failed to load resource: net::ERR_FAILED @ https://mon.tiktokv.com/monitor_browser/collect/batch/?biz_id=webmssdk:0
[  236132ms] [ERROR] Access to XMLHttpRequest at 'https://mon.tiktokv.com/monitor_browser/collect/batch/?biz_id=tiktok_web_embed' from origin 'https://www.tiktok.com' has been blocked by CORS policy: Response to preflight request doesn't pass access control check: No 'Access-Control-Allow-Origin' header is present on the requested resource. @ https://www.tiktok.com/embed/v2/7625407953041902878?lang=en-US&referrer=http%3A%2F%2Flocalhost%3A3000%2F%23portfolio&embedFrom=oembed:0
[  236132ms] [ERROR] Failed to load resource: net::ERR_FAILED @ https://mon.tiktokv.com/monitor_browser/collect/batch/?biz_id=tiktok_web_embed:0
[  236132ms] [ERROR] Access to XMLHttpRequest at 'https://mon.tiktokv.com/monitor_browser/collect/batch/?biz_id=pns_cookie_banner_slardar' from origin 'https://www.tiktok.com' has been blocked by CORS policy: Response to preflight request doesn't pass access control check: No 'Access-Control-Allow-Origin' header is present on the requested resource. @ https://www.tiktok.com/embed/v2/7625407953041902878?lang=en-US&referrer=http%3A%2F%2Flocalhost%3A3000%2F%23portfolio&embedFrom=oembed:0
[  236132ms] [ERROR] Failed to load resource: net::ERR_FAILED @ https://mon.tiktokv.com/monitor_browser/collect/batch/?biz_id=pns_cookie_banner_slardar:0
[  236142ms] [ERROR] Access to XMLHttpRequest at 'https://mon.tiktokv.com/monitor_browser/collect/batch/?biz_id=pns_cookie_banner_slardar' from origin 'https://www.tiktok.com' has been blocked by CORS policy: Response to preflight request doesn't pass access control check: No 'Access-Control-Allow-Origin' header is present on the requested resource. @ https://www.tiktok.com/embed/v2/7625407953041902878?lang=en-US&referrer=http%3A%2F%2Flocalhost%3A3000%2F%23portfolio&embedFrom=oembed:0
[  236142ms] [ERROR] Failed to load resource: net::ERR_FAILED @ https://mon.tiktokv.com/monitor_browser/collect/batch/?biz_id=pns_cookie_banner_slardar:0
[  236155ms] [ERROR] Access to XMLHttpRequest at 'https://mon.tiktokv.com/monitor_browser/collect/batch/?biz_id=pns_consent_system' from origin 'https://www.tiktok.com' has been blocked by CORS policy: Response to preflight request doesn't pass access control check: No 'Access-Control-Allow-Origin' header is present on the requested resource. @ https://www.tiktok.com/embed/v2/7625407953041902878?lang=en-US&referrer=http%3A%2F%2Flocalhost%3A3000%2F%23portfolio&embedFrom=oembed:0
[  236155ms] [ERROR] Failed to load resource: net::ERR_FAILED @ https://mon.tiktokv.com/monitor_browser/collect/batch/?biz_id=pns_consent_system:0
[  236160ms] [ERROR] Access to XMLHttpRequest at 'https://mon.tiktokv.com/monitor_browser/collect/batch/?biz_id=pns_cookie_banner_slardar' from origin 'https://www.tiktok.com' has been blocked by CORS policy: Response to preflight request doesn't pass access control check: No 'Access-Control-Allow-Origin' header is present on the requested resource. @ https://www.tiktok.com/embed/v2/7615970225393077524?lang=en-US&referrer=http%3A%2F%2Flocalhost%3A3000%2F%23portfolio&embedFrom=oembed:0
[  236161ms] [ERROR] Failed to load resource: net::ERR_FAILED @ https://mon.tiktokv.com/monitor_browser/collect/batch/?biz_id=pns_cookie_banner_slardar:0
[  236205ms] [ERROR] Access to XMLHttpRequest at 'https://mon.tiktokv.com/monitor_browser/collect/batch/?biz_id=webmssdk' from origin 'https://www.tiktok.com' has been blocked by CORS policy: Response to preflight request doesn't pass access control check: No 'Access-Control-Allow-Origin' header is present on the requested resource. @ https://www.tiktok.com/embed/v2/7625407953041902878?lang=en-US&referrer=http%3A%2F%2Flocalhost%3A3000%2F%23portfolio&embedFrom=oembed:0
[  236205ms] [ERROR] Failed to load resource: net::ERR_FAILED @ https://mon.tiktokv.com/monitor_browser/collect/batch/?biz_id=webmssdk:0
[  237120ms] [ERROR] Access to XMLHttpRequest at 'https://mon.tiktokv.com/monitor_browser/collect/batch/?biz_id=pns_cookie_banner_slardar' from origin 'https://www.tiktok.com' has been blocked by CORS policy: Response to preflight request doesn't pass access control check: No 'Access-Control-Allow-Origin' header is present on the requested resource. @ https://www.tiktok.com/embed/v2/7615970225393077524?lang=en-US&referrer=http%3A%2F%2Flocalhost%3A3000%2F%23portfolio&embedFrom=oembed:0
[  237120ms] [ERROR] Failed to load resource: net::ERR_FAILED @ https://mon.tiktokv.com/monitor_browser/collect/batch/?biz_id=pns_cookie_banner_slardar:0
[  238505ms] [ERROR] Access to XMLHttpRequest at 'https://mon.tiktokv.com/monitor_browser/collect/batch/?biz_id=pns_consent_system' from origin 'https://www.tiktok.com' has been blocked by CORS policy: Response to preflight request doesn't pass access control check: No 'Access-Control-Allow-Origin' header is present on the requested resource. @ https://www.tiktok.com/embed/v2/7625407953041902878?lang=en-US&referrer=http%3A%2F%2Flocalhost%3A3000%2F%23portfolio&embedFrom=oembed:0
[  238505ms] [ERROR] Failed to load resource: net::ERR_FAILED @ https://mon.tiktokv.com/monitor_browser/collect/batch/?biz_id=pns_consent_system:0
[  238517ms] [ERROR] Access to XMLHttpRequest at 'https://mon.tiktokv.com/monitor_browser/collect/batch/?biz_id=pns_cookie_banner_slardar' from origin 'https://www.tiktok.com' has been blocked by CORS policy: Response to preflight request doesn't pass access control check: No 'Access-Control-Allow-Origin' header is present on the requested resource. @ https://www.tiktok.com/embed/v2/7625407953041902878?lang=en-US&referrer=http%3A%2F%2Flocalhost%3A3000%2F%23portfolio&embedFrom=oembed:0
[  238517ms] [ERROR] Failed to load resource: net::ERR_FAILED @ https://mon.tiktokv.com/monitor_browser/collect/batch/?biz_id=pns_cookie_banner_slardar:0
[  238517ms] [ERROR] Access to XMLHttpRequest at 'https://mon.tiktokv.com/monitor_browser/collect/batch/?biz_id=webmssdk' from origin 'https://www.tiktok.com' has been blocked by CORS policy: Response to preflight request doesn't pass access control check: No 'Access-Control-Allow-Origin' header is present on the requested resource. @ https://www.tiktok.com/embed/v2/7625407953041902878?lang=en-US&referrer=http%3A%2F%2Flocalhost%3A3000%2F%23portfolio&embedFrom=oembed:0
[  238518ms] [ERROR] Failed to load resource: net::ERR_FAILED @ https://mon.tiktokv.com/monitor_browser/collect/batch/?biz_id=webmssdk:0
[  238626ms] [ERROR] Access to XMLHttpRequest at 'https://mon.tiktokv.com/monitor_browser/collect/batch/?biz_id=pns_cookie_banner_slardar' from origin 'https://www.tiktok.com' has been blocked by CORS policy: Response to preflight request doesn't pass access control check: No 'Access-Control-Allow-Origin' header is present on the requested resource. @ https://www.tiktok.com/embed/v2/7625407953041902878?lang=en-US&referrer=http%3A%2F%2Flocalhost%3A3000%2F%23portfolio&embedFrom=oembed:0
[  238627ms] [ERROR] Failed to load resource: net::ERR_FAILED @ https://mon.tiktokv.com/monitor_browser/collect/batch/?biz_id=pns_cookie_banner_slardar:0
[  239458ms] [ERROR] Access to XMLHttpRequest at 'https://mon.tiktokv.com/monitor_browser/collect/batch/?biz_id=tiktok_web_embed' from origin 'https://www.tiktok.com' has been blocked by CORS policy: Response to preflight request doesn't pass access control check: No 'Access-Control-Allow-Origin' header is present on the requested resource. @ https://www.tiktok.com/embed/v2/7625407953041902878?lang=en-US&referrer=http%3A%2F%2Flocalhost%3A3000%2F%23portfolio&embedFrom=oembed:0
[  239458ms] [ERROR] Failed to load resource: net::ERR_FAILED @ https://mon.tiktokv.com/monitor_browser/collect/batch/?biz_id=tiktok_web_embed:0
[  241616ms] [ERROR] Access to fetch at 'https://mon.tiktokv.com/monitor_browser/collect/batch/?bid=tiktok_pns_web_runtime' from origin 'https://www.tiktok.com' has been blocked by CORS policy: Response to preflight request doesn't pass access control check: No 'Access-Control-Allow-Origin' header is present on the requested resource. @ https://www.tiktok.com/embed/v2/7625407953041902878?lang=en-US&referrer=http%3A%2F%2Flocalhost%3A3000%2F%23portfolio&embedFrom=oembed:0
[  241616ms] [ERROR] Failed to load resource: net::ERR_FAILED @ https://mon.tiktokv.com/monitor_browser/collect/batch/?bid=tiktok_pns_web_runtime:0
[  242619ms] [ERROR] Access to fetch at 'https://mon.tiktokv.com/monitor_browser/collect/batch/?bid=tiktok_pns_web_runtime' from origin 'https://www.tiktok.com' has been blocked by CORS policy: Response to preflight request doesn't pass access control check: No 'Access-Control-Allow-Origin' header is present on the requested resource. @ https://www.tiktok.com/embed/v2/7625407953041902878?lang=en-US&referrer=http%3A%2F%2Flocalhost%3A3000%2F%23portfolio&embedFrom=oembed:0
[  242619ms] [ERROR] Failed to load resource: net::ERR_FAILED @ https://mon.tiktokv.com/monitor_browser/collect/batch/?bid=tiktok_pns_web_runtime:0
