[     321ms] [INFO] %cDownload the React DevTools for a better development experience: https://react.dev/link/react-devtools font-weight:bold @ http://localhost:3000/_next/static/chunks/node_modules_next_dist_115brz8._.js:2431
[     358ms] [LOG] [HMR] connected @ http://localhost:3000/_next/static/chunks/node_modules_next_dist_115brz8._.js:2431
[     661ms] [INFO] %c[TikTok] 

We're hiring!
Are you ready to make a change?
Check out some of our available positions at https://careers.tiktok.com/ color: #fe2c55 @ http://localhost:3000/_next/static/chunks/node_modules_next_dist_115brz8._.js:2431
[    1108ms] [INFO] . @ https://sf16-website-login.neutral.ttwstatic.com/obj/tiktok_web_login_static/webmssdk/1.0.0.223/webmssdk.js:0
[    1116ms] [INFO] . @ https://sf16-website-login.neutral.ttwstatic.com/obj/tiktok_web_login_static/webmssdk/1.0.0.223/webmssdk.js:0
[    1272ms] [INFO] . @ https://sf16-website-login.neutral.ttwstatic.com/obj/tiktok_web_login_static/webmssdk/1.0.0.223/webmssdk.js:0
[    1619ms] [ERROR] Failed to load resource: the server responded with a status of 403 () @ https://mon.tiktokv.com/monitor_browser/collect/batch/?bid=tiktok_pns_web_runtime:0
[    1634ms] [ERROR] Failed to load resource: the server responded with a status of 403 () @ https://mon.tiktokv.com/monitor_browser/collect/batch/?bid=tiktok_pns_web_runtime:0
[    1619ms] [ERROR] Failed to load resource: the server responded with a status of 403 () @ https://mon.tiktokv.com/monitor_browser/collect/batch/?bid=tiktok_pns_web_runtime:0
[    1634ms] [ERROR] Failed to load resource: the server responded with a status of 403 () @ https://mon.tiktokv.com/monitor_browser/collect/batch/?bid=tiktok_pns_web_runtime:0
[    1876ms] [INFO] . @ https://sf16-website-login.neutral.ttwstatic.com/obj/tiktok_web_login_static/webmssdk/1.0.0.223/webmssdk.js:0
[    2183ms] [ERROR] Failed to load resource: the server responded with a status of 403 () @ https://mon.tiktokv.com/monitor_browser/collect/batch/?bid=tiktok_pns_web_runtime:0
[    2305ms] [ERROR] Permissions policy violation: accelerometer is not allowed in this document. @ https://sf16-website-login.neutral.ttwstatic.com/obj/tiktok_web_login_static/tiktok_privacy_protection_framework/loader/1.0.0.943/index.js:3
[    2305ms] [WARNING] The devicemotion events are blocked by permissions policy. See https://github.com/w3c/webappsec-permissions-policy/blob/master/features.md#sensor-features @ https://sf16-website-login.neutral.ttwstatic.com/obj/tiktok_web_login_static/tiktok_privacy_protection_framework/loader/1.0.0.943/index.js:3
[    2317ms] [ERROR] Permissions policy violation: accelerometer is not allowed in this document. @ https://sf16-website-login.neutral.ttwstatic.com/obj/tiktok_web_login_static/tiktok_privacy_protection_framework/loader/1.0.0.943/index.js:3
[    2317ms] [WARNING] The devicemotion events are blocked by permissions policy. See https://github.com/w3c/webappsec-permissions-policy/blob/master/features.md#sensor-features @ https://sf16-website-login.neutral.ttwstatic.com/obj/tiktok_web_login_static/tiktok_privacy_protection_framework/loader/1.0.0.943/index.js:3
[    2376ms] [ERROR] Permissions policy violation: accelerometer is not allowed in this document. @ https://sf16-website-login.neutral.ttwstatic.com/obj/tiktok_web_login_static/tiktok_privacy_protection_framework/loader/1.0.0.943/index.js:3
[    2376ms] [WARNING] The devicemotion events are blocked by permissions policy. See https://github.com/w3c/webappsec-permissions-policy/blob/master/features.md#sensor-features @ https://sf16-website-login.neutral.ttwstatic.com/obj/tiktok_web_login_static/tiktok_privacy_protection_framework/loader/1.0.0.943/index.js:3
[    3003ms] [ERROR] Permissions policy violation: accelerometer is not allowed in this document. @ https://sf16-website-login.neutral.ttwstatic.com/obj/tiktok_web_login_static/tiktok_privacy_protection_framework/loader/1.0.0.943/index.js:3
[    3003ms] [WARNING] The devicemotion events are blocked by permissions policy. See https://github.com/w3c/webappsec-permissions-policy/blob/master/features.md#sensor-features @ https://sf16-website-login.neutral.ttwstatic.com/obj/tiktok_web_login_static/tiktok_privacy_protection_framework/loader/1.0.0.943/index.js:3
[    3008ms] [ERROR] Access to XMLHttpRequest at 'https://mon.tiktokv.com/monitor_browser/collect/batch/?biz_id=tiktok_web_embed' from origin 'https://www.tiktok.com' has been blocked by CORS policy: Response to preflight request doesn't pass access control check: No 'Access-Control-Allow-Origin' header is present on the requested resource. @ https://www.tiktok.com/embed/v2/7615970225393077524?lang=en-US&referrer=http%3A%2F%2Flocalhost%3A3000%2F%23portfolio&embedFrom=oembed:0
[    3008ms] [ERROR] Failed to load resource: net::ERR_FAILED @ https://mon.tiktokv.com/monitor_browser/collect/batch/?biz_id=tiktok_web_embed:0
[    3032ms] [ERROR] Access to XMLHttpRequest at 'https://mon.tiktokv.com/monitor_browser/collect/batch/?biz_id=tiktok_web_embed' from origin 'https://www.tiktok.com' has been blocked by CORS policy: Response to preflight request doesn't pass access control check: No 'Access-Control-Allow-Origin' header is present on the requested resource. @ https://www.tiktok.com/embed/v2/7615970225393077524?lang=en-US&referrer=http%3A%2F%2Flocalhost%3A3000%2F%23portfolio&embedFrom=oembed:0
[    3032ms] [ERROR] Failed to load resource: net::ERR_FAILED @ https://mon.tiktokv.com/monitor_browser/collect/batch/?biz_id=tiktok_web_embed:0
[    3911ms] [ERROR] Access to XMLHttpRequest at 'https://mon.tiktokv.com/monitor_browser/collect/batch/?biz_id=tiktok_web_embed' from origin 'https://www.tiktok.com' has been blocked by CORS policy: Response to preflight request doesn't pass access control check: No 'Access-Control-Allow-Origin' header is present on the requested resource. @ https://www.tiktok.com/embed/v2/7625407953041902878?lang=en-US&referrer=http%3A%2F%2Flocalhost%3A3000%2F%23portfolio&embedFrom=oembed:0
[    3911ms] [ERROR] Failed to load resource: net::ERR_FAILED @ https://mon.tiktokv.com/monitor_browser/collect/batch/?biz_id=tiktok_web_embed:0
[    3911ms] [ERROR] Access to XMLHttpRequest at 'https://mon.tiktokv.com/monitor_browser/collect/batch/?biz_id=tiktok_web_embed' from origin 'https://www.tiktok.com' has been blocked by CORS policy: Response to preflight request doesn't pass access control check: No 'Access-Control-Allow-Origin' header is present on the requested resource. @ https://www.tiktok.com/embed/v2/7625407953041902878?lang=en-US&referrer=http%3A%2F%2Flocalhost%3A3000%2F%23portfolio&embedFrom=oembed:0
[    3911ms] [ERROR] Failed to load resource: net::ERR_FAILED @ https://mon.tiktokv.com/monitor_browser/collect/batch/?biz_id=tiktok_web_embed:0
[    4009ms] [ERROR] Access to XMLHttpRequest at 'https://mon.tiktokv.com/monitor_browser/collect/batch/?biz_id=tiktok_web_embed' from origin 'https://www.tiktok.com' has been blocked by CORS policy: Response to preflight request doesn't pass access control check: No 'Access-Control-Allow-Origin' header is present on the requested resource. @ https://www.tiktok.com/embed/v2/7615970225393077524?lang=en-US&referrer=http%3A%2F%2Flocalhost%3A3000%2F%23portfolio&embedFrom=oembed:0
[    4009ms] [ERROR] Failed to load resource: net::ERR_FAILED @ https://mon.tiktokv.com/monitor_browser/collect/batch/?biz_id=tiktok_web_embed:0
[    5459ms] [ERROR] Access to XMLHttpRequest at 'https://mon.tiktokv.com/monitor_browser/collect/batch/?biz_id=pns_consent_system' from origin 'https://www.tiktok.com' has been blocked by CORS policy: Response to preflight request doesn't pass access control check: No 'Access-Control-Allow-Origin' header is present on the requested resource. @ https://www.tiktok.com/embed/v2/7625407953041902878?lang=en-US&referrer=http%3A%2F%2Flocalhost%3A3000%2F%23portfolio&embedFrom=oembed:0
[    5459ms] [ERROR] Failed to load resource: net::ERR_FAILED @ https://mon.tiktokv.com/monitor_browser/collect/batch/?biz_id=pns_consent_system:0
[    5462ms] [ERROR] Access to XMLHttpRequest at 'https://mon.tiktokv.com/monitor_browser/collect/batch/?biz_id=pns_cookie_banner_slardar' from origin 'https://www.tiktok.com' has been blocked by CORS policy: Response to preflight request doesn't pass access control check: No 'Access-Control-Allow-Origin' header is present on the requested resource. @ https://www.tiktok.com/embed/v2/7625407953041902878?lang=en-US&referrer=http%3A%2F%2Flocalhost%3A3000%2F%23portfolio&embedFrom=oembed:0
[    5462ms] [ERROR] Failed to load resource: net::ERR_FAILED @ https://mon.tiktokv.com/monitor_browser/collect/batch/?biz_id=pns_cookie_banner_slardar:0
[    5469ms] [ERROR] Access to XMLHttpRequest at 'https://mon.tiktokv.com/monitor_browser/collect/batch/?biz_id=pns_cookie_banner_slardar' from origin 'https://www.tiktok.com' has been blocked by CORS policy: Response to preflight request doesn't pass access control check: No 'Access-Control-Allow-Origin' header is present on the requested resource. @ https://www.tiktok.com/embed/v2/7625407953041902878?lang=en-US&referrer=http%3A%2F%2Flocalhost%3A3000%2F%23portfolio&embedFrom=oembed:0
[    5470ms] [ERROR] Failed to load resource: net::ERR_FAILED @ https://mon.tiktokv.com/monitor_browser/collect/batch/?biz_id=pns_cookie_banner_slardar:0
[    5471ms] [ERROR] Access to fetch at 'https://mon.tiktokv.com/monitor_browser/collect/batch/?bid=tiktok_pns_web_runtime' from origin 'https://www.tiktok.com' has been blocked by CORS policy: Response to preflight request doesn't pass access control check: No 'Access-Control-Allow-Origin' header is present on the requested resource. @ https://www.tiktok.com/embed/v2/7625407953041902878?lang=en-US&referrer=http%3A%2F%2Flocalhost%3A3000%2F%23portfolio&embedFrom=oembed:0
[    5472ms] [ERROR] Failed to load resource: net::ERR_FAILED @ https://mon.tiktokv.com/monitor_browser/collect/batch/?bid=tiktok_pns_web_runtime:0
[    5472ms] [ERROR] Access to fetch at 'https://mon.tiktokv.com/monitor_browser/collect/batch/?bid=tiktok_pns_web_runtime' from origin 'https://www.tiktok.com' has been blocked by CORS policy: Response to preflight request doesn't pass access control check: No 'Access-Control-Allow-Origin' header is present on the requested resource. @ https://www.tiktok.com/embed/v2/7625407953041902878?lang=en-US&referrer=http%3A%2F%2Flocalhost%3A3000%2F%23portfolio&embedFrom=oembed:0
[    5472ms] [ERROR] Failed to load resource: net::ERR_FAILED @ https://mon.tiktokv.com/monitor_browser/collect/batch/?bid=tiktok_pns_web_runtime:0
[    5538ms] [ERROR] Access to XMLHttpRequest at 'https://mon.tiktokv.com/monitor_browser/collect/batch/?biz_id=tiktok_web_embed' from origin 'https://www.tiktok.com' has been blocked by CORS policy: Response to preflight request doesn't pass access control check: No 'Access-Control-Allow-Origin' header is present on the requested resource. @ https://www.tiktok.com/embed/v2/7625407953041902878?lang=en-US&referrer=http%3A%2F%2Flocalhost%3A3000%2F%23portfolio&embedFrom=oembed:0
[    5538ms] [ERROR] Failed to load resource: net::ERR_FAILED @ https://mon.tiktokv.com/monitor_browser/collect/batch/?biz_id=tiktok_web_embed:0
[    5653ms] [ERROR] Access to fetch at 'https://mon.tiktokv.com/monitor_browser/collect/batch/?bid=tiktok_pns_web_runtime' from origin 'https://www.tiktok.com' has been blocked by CORS policy: Response to preflight request doesn't pass access control check: No 'Access-Control-Allow-Origin' header is present on the requested resource. @ https://www.tiktok.com/embed/v2/7625407953041902878?lang=en-US&referrer=http%3A%2F%2Flocalhost%3A3000%2F%23portfolio&embedFrom=oembed:0
[    5653ms] [ERROR] Failed to load resource: net::ERR_FAILED @ https://mon.tiktokv.com/monitor_browser/collect/batch/?bid=tiktok_pns_web_runtime:0
[    5834ms] [ERROR] Access to XMLHttpRequest at 'https://mon.tiktokv.com/monitor_browser/collect/batch/?biz_id=webmssdk' from origin 'https://www.tiktok.com' has been blocked by CORS policy: Response to preflight request doesn't pass access control check: No 'Access-Control-Allow-Origin' header is present on the requested resource. @ https://www.tiktok.com/embed/v2/7615970225393077524?lang=en-US&referrer=http%3A%2F%2Flocalhost%3A3000%2F%23portfolio&embedFrom=oembed:0
[    5835ms] [ERROR] Failed to load resource: net::ERR_FAILED @ https://mon.tiktokv.com/monitor_browser/collect/batch/?biz_id=webmssdk:0
[    6168ms] [ERROR] Access to XMLHttpRequest at 'https://mon.tiktokv.com/monitor_browser/collect/batch/?biz_id=pns_consent_system' from origin 'https://www.tiktok.com' has been blocked by CORS policy: Response to preflight request doesn't pass access control check: No 'Access-Control-Allow-Origin' header is present on the requested resource. @ https://www.tiktok.com/embed/v2/7615970225393077524?lang=en-US&referrer=http%3A%2F%2Flocalhost%3A3000%2F%23portfolio&embedFrom=oembed:0
[    6168ms] [ERROR] Failed to load resource: net::ERR_FAILED @ https://mon.tiktokv.com/monitor_browser/collect/batch/?biz_id=pns_consent_system:0
[    6205ms] [ERROR] Access to XMLHttpRequest at 'https://mon.tiktokv.com/monitor_browser/collect/batch/?biz_id=pns_cookie_banner_slardar' from origin 'https://www.tiktok.com' has been blocked by CORS policy: Response to preflight request doesn't pass access control check: No 'Access-Control-Allow-Origin' header is present on the requested resource. @ https://www.tiktok.com/embed/v2/7625407953041902878?lang=en-US&referrer=http%3A%2F%2Flocalhost%3A3000%2F%23portfolio&embedFrom=oembed:0
[    6205ms] [ERROR] Failed to load resource: net::ERR_FAILED @ https://mon.tiktokv.com/monitor_browser/collect/batch/?biz_id=pns_cookie_banner_slardar:0
[    6240ms] [ERROR] Access to XMLHttpRequest at 'https://mon.tiktokv.com/monitor_browser/collect/batch/?biz_id=tiktok_web_embed' from origin 'https://www.tiktok.com' has been blocked by CORS policy: Response to preflight request doesn't pass access control check: No 'Access-Control-Allow-Origin' header is present on the requested resource. @ https://www.tiktok.com/embed/v2/7615970225393077524?lang=en-US&referrer=http%3A%2F%2Flocalhost%3A3000%2F%23portfolio&embedFrom=oembed:0
[    6240ms] [ERROR] Failed to load resource: net::ERR_FAILED @ https://mon.tiktokv.com/monitor_browser/collect/batch/?biz_id=tiktok_web_embed:0
[    6323ms] [ERROR] Access to XMLHttpRequest at 'https://mon.tiktokv.com/monitor_browser/collect/batch/?biz_id=tiktok_web_embed' from origin 'https://www.tiktok.com' has been blocked by CORS policy: Response to preflight request doesn't pass access control check: No 'Access-Control-Allow-Origin' header is present on the requested resource. @ https://www.tiktok.com/embed/v2/7625407953041902878?lang=en-US&referrer=http%3A%2F%2Flocalhost%3A3000%2F%23portfolio&embedFrom=oembed:0
[    6323ms] [ERROR] Failed to load resource: net::ERR_FAILED @ https://mon.tiktokv.com/monitor_browser/collect/batch/?biz_id=tiktok_web_embed:0
[    6429ms] [ERROR] Access to XMLHttpRequest at 'https://mon.tiktokv.com/monitor_browser/collect/batch/?biz_id=tiktok_web_embed' from origin 'https://www.tiktok.com' has been blocked by CORS policy: Response to preflight request doesn't pass access control check: No 'Access-Control-Allow-Origin' header is present on the requested resource. @ https://www.tiktok.com/embed/v2/7625407953041902878?lang=en-US&referrer=http%3A%2F%2Flocalhost%3A3000%2F%23portfolio&embedFrom=oembed:0
[    6430ms] [ERROR] Failed to load resource: net::ERR_FAILED @ https://mon.tiktokv.com/monitor_browser/collect/batch/?biz_id=tiktok_web_embed:0
[    6695ms] [ERROR] Access to XMLHttpRequest at 'https://mon.tiktokv.com/monitor_browser/collect/batch/?biz_id=webmssdk' from origin 'https://www.tiktok.com' has been blocked by CORS policy: Response to preflight request doesn't pass access control check: No 'Access-Control-Allow-Origin' header is present on the requested resource. @ https://www.tiktok.com/embed/v2/7625407953041902878?lang=en-US&referrer=http%3A%2F%2Flocalhost%3A3000%2F%23portfolio&embedFrom=oembed:0
[    6696ms] [ERROR] Failed to load resource: net::ERR_FAILED @ https://mon.tiktokv.com/monitor_browser/collect/batch/?biz_id=webmssdk:0
[    7181ms] [ERROR] Access to fetch at 'https://mon.tiktokv.com/monitor_browser/collect/batch/?bid=tiktok_pns_web_runtime' from origin 'https://www.tiktok.com' has been blocked by CORS policy: Response to preflight request doesn't pass access control check: No 'Access-Control-Allow-Origin' header is present on the requested resource. @ https://www.tiktok.com/embed/v2/7615970225393077524?lang=en-US&referrer=http%3A%2F%2Flocalhost%3A3000%2F%23portfolio&embedFrom=oembed:0
[    7181ms] [ERROR] Failed to load resource: net::ERR_FAILED @ https://mon.tiktokv.com/monitor_browser/collect/batch/?bid=tiktok_pns_web_runtime:0
[    7530ms] [ERROR] Access to XMLHttpRequest at 'https://mon.tiktokv.com/monitor_browser/collect/batch/?biz_id=webmssdk' from origin 'https://www.tiktok.com' has been blocked by CORS policy: Response to preflight request doesn't pass access control check: No 'Access-Control-Allow-Origin' header is present on the requested resource. @ https://www.tiktok.com/embed/v2/7625407953041902878?lang=en-US&referrer=http%3A%2F%2Flocalhost%3A3000%2F%23portfolio&embedFrom=oembed:0
[    7530ms] [ERROR] Failed to load resource: net::ERR_FAILED @ https://mon.tiktokv.com/monitor_browser/collect/batch/?biz_id=webmssdk:0
[    7672ms] [ERROR] Access to XMLHttpRequest at 'https://mon.tiktokv.com/monitor_browser/collect/batch/?biz_id=pns_cookie_banner_slardar' from origin 'https://www.tiktok.com' has been blocked by CORS policy: Response to preflight request doesn't pass access control check: No 'Access-Control-Allow-Origin' header is present on the requested resource. @ https://www.tiktok.com/embed/v2/7615970225393077524?lang=en-US&referrer=http%3A%2F%2Flocalhost%3A3000%2F%23portfolio&embedFrom=oembed:0
[    7673ms] [ERROR] Failed to load resource: net::ERR_FAILED @ https://mon.tiktokv.com/monitor_browser/collect/batch/?biz_id=pns_cookie_banner_slardar:0
[    7701ms] [ERROR] Access to XMLHttpRequest at 'https://mon.tiktokv.com/monitor_browser/collect/batch/?biz_id=pns_cookie_banner_slardar' from origin 'https://www.tiktok.com' has been blocked by CORS policy: Response to preflight request doesn't pass access control check: No 'Access-Control-Allow-Origin' header is present on the requested resource. @ https://www.tiktok.com/embed/v2/7625407953041902878?lang=en-US&referrer=http%3A%2F%2Flocalhost%3A3000%2F%23portfolio&embedFrom=oembed:0
[    7701ms] [ERROR] Failed to load resource: net::ERR_FAILED @ https://mon.tiktokv.com/monitor_browser/collect/batch/?biz_id=pns_cookie_banner_slardar:0
[    7701ms] [ERROR] Access to XMLHttpRequest at 'https://mon.tiktokv.com/monitor_browser/collect/batch/?biz_id=pns_consent_system' from origin 'https://www.tiktok.com' has been blocked by CORS policy: Response to preflight request doesn't pass access control check: No 'Access-Control-Allow-Origin' header is present on the requested resource. @ https://www.tiktok.com/embed/v2/7625407953041902878?lang=en-US&referrer=http%3A%2F%2Flocalhost%3A3000%2F%23portfolio&embedFrom=oembed:0
[    7702ms] [ERROR] Failed to load resource: net::ERR_FAILED @ https://mon.tiktokv.com/monitor_browser/collect/batch/?biz_id=pns_consent_system:0
[    7702ms] [ERROR] Access to XMLHttpRequest at 'https://mon.tiktokv.com/monitor_browser/collect/batch/?biz_id=pns_cookie_banner_slardar' from origin 'https://www.tiktok.com' has been blocked by CORS policy: Response to preflight request doesn't pass access control check: No 'Access-Control-Allow-Origin' header is present on the requested resource. @ https://www.tiktok.com/embed/v2/7625407953041902878?lang=en-US&referrer=http%3A%2F%2Flocalhost%3A3000%2F%23portfolio&embedFrom=oembed:0
[    7702ms] [ERROR] Failed to load resource: net::ERR_FAILED @ https://mon.tiktokv.com/monitor_browser/collect/batch/?biz_id=pns_cookie_banner_slardar:0
[    8377ms] [ERROR] Access to XMLHttpRequest at 'https://mon.tiktokv.com/monitor_browser/collect/batch/?biz_id=pns_cookie_banner_slardar' from origin 'https://www.tiktok.com' has been blocked by CORS policy: Response to preflight request doesn't pass access control check: No 'Access-Control-Allow-Origin' header is present on the requested resource. @ https://www.tiktok.com/embed/v2/7615970225393077524?lang=en-US&referrer=http%3A%2F%2Flocalhost%3A3000%2F%23portfolio&embedFrom=oembed:0
[    8377ms] [ERROR] Failed to load resource: net::ERR_FAILED @ https://mon.tiktokv.com/monitor_browser/collect/batch/?biz_id=pns_cookie_banner_slardar:0
[    8604ms] [ERROR] Access to XMLHttpRequest at 'https://mon.tiktokv.com/monitor_browser/collect/batch/?biz_id=tiktok_web_embed' from origin 'https://www.tiktok.com' has been blocked by CORS policy: Response to preflight request doesn't pass access control check: No 'Access-Control-Allow-Origin' header is present on the requested resource. @ https://www.tiktok.com/embed/v2/7625407953041902878?lang=en-US&referrer=http%3A%2F%2Flocalhost%3A3000%2F%23portfolio&embedFrom=oembed:0
[    8604ms] [ERROR] Failed to load resource: net::ERR_FAILED @ https://mon.tiktokv.com/monitor_browser/collect/batch/?biz_id=tiktok_web_embed:0
[    9889ms] [ERROR] Access to fetch at 'https://mon.tiktokv.com/monitor_browser/collect/batch/?bid=tiktok_pns_web_runtime' from origin 'https://www.tiktok.com' has been blocked by CORS policy: Response to preflight request doesn't pass access control check: No 'Access-Control-Allow-Origin' header is present on the requested resource. @ https://www.tiktok.com/embed/v2/7625407953041902878?lang=en-US&referrer=http%3A%2F%2Flocalhost%3A3000%2F%23portfolio&embedFrom=oembed:0
[    9890ms] [ERROR] Failed to load resource: net::ERR_FAILED @ https://mon.tiktokv.com/monitor_browser/collect/batch/?bid=tiktok_pns_web_runtime:0
[    9994ms] [ERROR] Access to XMLHttpRequest at 'https://mon.tiktokv.com/monitor_browser/collect/batch/?biz_id=pns_cookie_banner_slardar' from origin 'https://www.tiktok.com' has been blocked by CORS policy: Response to preflight request doesn't pass access control check: No 'Access-Control-Allow-Origin' header is present on the requested resource. @ https://www.tiktok.com/embed/v2/7625407953041902878?lang=en-US&referrer=http%3A%2F%2Flocalhost%3A3000%2F%23portfolio&embedFrom=oembed:0
[    9995ms] [ERROR] Failed to load resource: net::ERR_FAILED @ https://mon.tiktokv.com/monitor_browser/collect/batch/?biz_id=pns_cookie_banner_slardar:0
[   10001ms] [ERROR] Access to XMLHttpRequest at 'https://mon.tiktokv.com/monitor_browser/collect/batch/?biz_id=pns_cookie_banner_slardar' from origin 'https://www.tiktok.com' has been blocked by CORS policy: Response to preflight request doesn't pass access control check: No 'Access-Control-Allow-Origin' header is present on the requested resource. @ https://www.tiktok.com/embed/v2/7625407953041902878?lang=en-US&referrer=http%3A%2F%2Flocalhost%3A3000%2F%23portfolio&embedFrom=oembed:0
[   10001ms] [ERROR] Failed to load resource: net::ERR_FAILED @ https://mon.tiktokv.com/monitor_browser/collect/batch/?biz_id=pns_cookie_banner_slardar:0
[   10009ms] [ERROR] Access to XMLHttpRequest at 'https://mon.tiktokv.com/monitor_browser/collect/batch/?biz_id=pns_consent_system' from origin 'https://www.tiktok.com' has been blocked by CORS policy: Response to preflight request doesn't pass access control check: No 'Access-Control-Allow-Origin' header is present on the requested resource. @ https://www.tiktok.com/embed/v2/7625407953041902878?lang=en-US&referrer=http%3A%2F%2Flocalhost%3A3000%2F%23portfolio&embedFrom=oembed:0
[   10009ms] [ERROR] Failed to load resource: net::ERR_FAILED @ https://mon.tiktokv.com/monitor_browser/collect/batch/?biz_id=pns_consent_system:0
[   10202ms] [ERROR] Access to XMLHttpRequest at 'https://mon.tiktokv.com/monitor_browser/collect/batch/?biz_id=webmssdk' from origin 'https://www.tiktok.com' has been blocked by CORS policy: Response to preflight request doesn't pass access control check: No 'Access-Control-Allow-Origin' header is present on the requested resource. @ https://www.tiktok.com/embed/v2/7625407953041902878?lang=en-US&referrer=http%3A%2F%2Flocalhost%3A3000%2F%23portfolio&embedFrom=oembed:0
[   10203ms] [ERROR] Failed to load resource: net::ERR_FAILED @ https://mon.tiktokv.com/monitor_browser/collect/batch/?biz_id=webmssdk:0
[   10505ms] [ERROR] Access to fetch at 'https://mon.tiktokv.com/monitor_browser/collect/batch/?bid=tiktok_pns_web_runtime' from origin 'https://www.tiktok.com' has been blocked by CORS policy: Response to preflight request doesn't pass access control check: No 'Access-Control-Allow-Origin' header is present on the requested resource. @ https://www.tiktok.com/embed/v2/7625407953041902878?lang=en-US&referrer=http%3A%2F%2Flocalhost%3A3000%2F%23portfolio&embedFrom=oembed:0
[   10506ms] [ERROR] Failed to load resource: net::ERR_FAILED @ https://mon.tiktokv.com/monitor_browser/collect/batch/?bid=tiktok_pns_web_runtime:0
[   10713ms] [ERROR] Access to XMLHttpRequest at 'https://mon.tiktokv.com/monitor_browser/collect/batch/?biz_id=webmssdk' from origin 'https://www.tiktok.com' has been blocked by CORS policy: Response to preflight request doesn't pass access control check: No 'Access-Control-Allow-Origin' header is present on the requested resource. @ https://www.tiktok.com/embed/v2/7625407953041902878?lang=en-US&referrer=http%3A%2F%2Flocalhost%3A3000%2F%23portfolio&embedFrom=oembed:0
[   10713ms] [ERROR] Failed to load resource: net::ERR_FAILED @ https://mon.tiktokv.com/monitor_browser/collect/batch/?biz_id=webmssdk:0
[   10952ms] [ERROR] Access to XMLHttpRequest at 'https://mon.tiktokv.com/monitor_browser/collect/batch/?biz_id=tiktok_web_embed' from origin 'https://www.tiktok.com' has been blocked by CORS policy: Response to preflight request doesn't pass access control check: No 'Access-Control-Allow-Origin' header is present on the requested resource. @ https://www.tiktok.com/embed/v2/7625407953041902878?lang=en-US&referrer=http%3A%2F%2Flocalhost%3A3000%2F%23portfolio&embedFrom=oembed:0
[   10952ms] [ERROR] Failed to load resource: net::ERR_FAILED @ https://mon.tiktokv.com/monitor_browser/collect/batch/?biz_id=tiktok_web_embed:0
[   65832ms] [ERROR] Access to fetch at 'https://mon.tiktokv.com/monitor_browser/collect/batch/?bid=tiktok_pns_web_runtime' from origin 'https://www.tiktok.com' has been blocked by CORS policy: Response to preflight request doesn't pass access control check: No 'Access-Control-Allow-Origin' header is present on the requested resource. @ https://www.tiktok.com/embed/v2/7615970225393077524?lang=en-US&referrer=http%3A%2F%2Flocalhost%3A3000%2F%23portfolio&embedFrom=oembed:0
[   65832ms] [ERROR] Failed to load resource: net::ERR_FAILED @ https://mon.tiktokv.com/monitor_browser/collect/batch/?bid=tiktok_pns_web_runtime:0
[  310117ms] [ERROR] Access to fetch at 'https://mon.tiktokv.com/monitor_browser/collect/batch/?bid=tiktok_pns_web_runtime' from origin 'https://www.tiktok.com' has been blocked by CORS policy: Response to preflight request doesn't pass access control check: No 'Access-Control-Allow-Origin' header is present on the requested resource. @ https://www.tiktok.com/embed/v2/7615970225393077524?lang=en-US&referrer=http%3A%2F%2Flocalhost%3A3000%2F%23portfolio&embedFrom=oembed:0
[  310117ms] [ERROR] Failed to load resource: net::ERR_FAILED @ https://mon.tiktokv.com/monitor_browser/collect/batch/?bid=tiktok_pns_web_runtime:0
[  413935ms] [LOG] [Fast Refresh] rebuilding @ http://localhost:3000/_next/static/chunks/node_modules_next_dist_115brz8._.js:2431
[  414177ms] [LOG] [Fast Refresh] done in 215ms @ http://localhost:3000/_next/static/chunks/node_modules_next_dist_115brz8._.js:2431
