[     267ms] [INFO] %cDownload the React DevTools for a better development experience: https://react.dev/link/react-devtools font-weight:bold @ http://localhost:3000/_next/static/chunks/node_modules_next_dist_115brz8._.js:2431
[     316ms] [LOG] [HMR] connected @ http://localhost:3000/_next/static/chunks/node_modules_next_dist_115brz8._.js:2431
[     784ms] [INFO] %c[TikTok] 

We're hiring!
Are you ready to make a change?
Check out some of our available positions at https://careers.tiktok.com/ color: #fe2c55 @ http://localhost:3000/_next/static/chunks/node_modules_next_dist_115brz8._.js:2431
[    1246ms] [INFO] . @ https://sf16-website-login.neutral.ttwstatic.com/obj/tiktok_web_login_static/webmssdk/1.0.0.223/webmssdk.js:0
[    1254ms] [INFO] . @ https://sf16-website-login.neutral.ttwstatic.com/obj/tiktok_web_login_static/webmssdk/1.0.0.223/webmssdk.js:0
[    1341ms] [INFO] . @ https://sf16-website-login.neutral.ttwstatic.com/obj/tiktok_web_login_static/webmssdk/1.0.0.223/webmssdk.js:0
[    1771ms] [ERROR] Failed to load resource: the server responded with a status of 403 () @ https://mon.tiktokv.com/monitor_browser/collect/batch/?bid=tiktok_pns_web_runtime:0
[    2754ms] [ERROR] Permissions policy violation: accelerometer is not allowed in this document. @ https://sf16-website-login.neutral.ttwstatic.com/obj/tiktok_web_login_static/tiktok_privacy_protection_framework/loader/1.0.0.943/index.js:3
[    2754ms] [WARNING] The devicemotion events are blocked by permissions policy. See https://github.com/w3c/webappsec-permissions-policy/blob/master/features.md#sensor-features @ https://sf16-website-login.neutral.ttwstatic.com/obj/tiktok_web_login_static/tiktok_privacy_protection_framework/loader/1.0.0.943/index.js:3
[    2764ms] [ERROR] Permissions policy violation: accelerometer is not allowed in this document. @ https://sf16-website-login.neutral.ttwstatic.com/obj/tiktok_web_login_static/tiktok_privacy_protection_framework/loader/1.0.0.943/index.js:3
[    2764ms] [WARNING] The devicemotion events are blocked by permissions policy. See https://github.com/w3c/webappsec-permissions-policy/blob/master/features.md#sensor-features @ https://sf16-website-login.neutral.ttwstatic.com/obj/tiktok_web_login_static/tiktok_privacy_protection_framework/loader/1.0.0.943/index.js:3
[    2783ms] [ERROR] Permissions policy violation: accelerometer is not allowed in this document. @ https://sf16-website-login.neutral.ttwstatic.com/obj/tiktok_web_login_static/tiktok_privacy_protection_framework/loader/1.0.0.943/index.js:3
[    2783ms] [WARNING] The devicemotion events are blocked by permissions policy. See https://github.com/w3c/webappsec-permissions-policy/blob/master/features.md#sensor-features @ https://sf16-website-login.neutral.ttwstatic.com/obj/tiktok_web_login_static/tiktok_privacy_protection_framework/loader/1.0.0.943/index.js:3
[    1771ms] [ERROR] Failed to load resource: the server responded with a status of 403 () @ https://mon.tiktokv.com/monitor_browser/collect/batch/?bid=tiktok_pns_web_runtime:0
[    2754ms] [ERROR] Permissions policy violation: accelerometer is not allowed in this document. @ https://sf16-website-login.neutral.ttwstatic.com/obj/tiktok_web_login_static/tiktok_privacy_protection_framework/loader/1.0.0.943/index.js:3
[    2754ms] [WARNING] The devicemotion events are blocked by permissions policy. See https://github.com/w3c/webappsec-permissions-policy/blob/master/features.md#sensor-features @ https://sf16-website-login.neutral.ttwstatic.com/obj/tiktok_web_login_static/tiktok_privacy_protection_framework/loader/1.0.0.943/index.js:3
[    2764ms] [ERROR] Permissions policy violation: accelerometer is not allowed in this document. @ https://sf16-website-login.neutral.ttwstatic.com/obj/tiktok_web_login_static/tiktok_privacy_protection_framework/loader/1.0.0.943/index.js:3
[    2764ms] [WARNING] The devicemotion events are blocked by permissions policy. See https://github.com/w3c/webappsec-permissions-policy/blob/master/features.md#sensor-features @ https://sf16-website-login.neutral.ttwstatic.com/obj/tiktok_web_login_static/tiktok_privacy_protection_framework/loader/1.0.0.943/index.js:3
[    2783ms] [ERROR] Permissions policy violation: accelerometer is not allowed in this document. @ https://sf16-website-login.neutral.ttwstatic.com/obj/tiktok_web_login_static/tiktok_privacy_protection_framework/loader/1.0.0.943/index.js:3
[    2783ms] [WARNING] The devicemotion events are blocked by permissions policy. See https://github.com/w3c/webappsec-permissions-policy/blob/master/features.md#sensor-features @ https://sf16-website-login.neutral.ttwstatic.com/obj/tiktok_web_login_static/tiktok_privacy_protection_framework/loader/1.0.0.943/index.js:3
[    2874ms] [INFO] . @ https://sf16-website-login.neutral.ttwstatic.com/obj/tiktok_web_login_static/webmssdk/1.0.0.223/webmssdk.js:0
[    4144ms] [ERROR] Permissions policy violation: accelerometer is not allowed in this document. @ https://sf16-website-login.neutral.ttwstatic.com/obj/tiktok_web_login_static/tiktok_privacy_protection_framework/loader/1.0.0.933/index.js:3
[    4144ms] [WARNING] The devicemotion events are blocked by permissions policy. See https://github.com/w3c/webappsec-permissions-policy/blob/master/features.md#sensor-features @ https://sf16-website-login.neutral.ttwstatic.com/obj/tiktok_web_login_static/tiktok_privacy_protection_framework/loader/1.0.0.933/index.js:3
[    4144ms] [ERROR] Access to XMLHttpRequest at 'https://mon.tiktokv.com/monitor_browser/collect/batch/?biz_id=tiktok_web_embed' from origin 'https://www.tiktok.com' has been blocked by CORS policy: Response to preflight request doesn't pass access control check: No 'Access-Control-Allow-Origin' header is present on the requested resource. @ https://www.tiktok.com/embed/v2/7615970225393077524?lang=en-US&referrer=http%3A%2F%2Flocalhost%3A3000%2F%23portfolio&embedFrom=oembed:0
[    4145ms] [ERROR] Failed to load resource: net::ERR_FAILED @ https://mon.tiktokv.com/monitor_browser/collect/batch/?biz_id=tiktok_web_embed:0
[    4147ms] [ERROR] Access to XMLHttpRequest at 'https://mon.tiktokv.com/monitor_browser/collect/batch/?biz_id=tiktok_web_embed' from origin 'https://www.tiktok.com' has been blocked by CORS policy: Response to preflight request doesn't pass access control check: No 'Access-Control-Allow-Origin' header is present on the requested resource. @ https://www.tiktok.com/embed/v2/7615970225393077524?lang=en-US&referrer=http%3A%2F%2Flocalhost%3A3000%2F%23portfolio&embedFrom=oembed:0
[    4147ms] [ERROR] Failed to load resource: net::ERR_FAILED @ https://mon.tiktokv.com/monitor_browser/collect/batch/?biz_id=tiktok_web_embed:0
[    4308ms] [ERROR] Access to XMLHttpRequest at 'https://mon.tiktokv.com/monitor_browser/collect/batch/?biz_id=tiktok_web_embed' from origin 'https://www.tiktok.com' has been blocked by CORS policy: Response to preflight request doesn't pass access control check: No 'Access-Control-Allow-Origin' header is present on the requested resource. @ https://www.tiktok.com/embed/v2/7625407953041902878?lang=en-US&referrer=http%3A%2F%2Flocalhost%3A3000%2F%23portfolio&embedFrom=oembed:0
[    4308ms] [ERROR] Failed to load resource: net::ERR_FAILED @ https://mon.tiktokv.com/monitor_browser/collect/batch/?biz_id=tiktok_web_embed:0
[    4865ms] [ERROR] Access to XMLHttpRequest at 'https://mon.tiktokv.com/monitor_browser/collect/batch/?biz_id=pns_cookie_banner_slardar' from origin 'https://www.tiktok.com' has been blocked by CORS policy: Response to preflight request doesn't pass access control check: No 'Access-Control-Allow-Origin' header is present on the requested resource. @ https://www.tiktok.com/embed/v2/7625407953041902878?lang=en-US&referrer=http%3A%2F%2Flocalhost%3A3000%2F%23portfolio&embedFrom=oembed:0
[    4865ms] [ERROR] Failed to load resource: net::ERR_FAILED @ https://mon.tiktokv.com/monitor_browser/collect/batch/?biz_id=pns_cookie_banner_slardar:0
[    5513ms] [ERROR] Access to XMLHttpRequest at 'https://mon.tiktokv.com/monitor_browser/collect/batch/?biz_id=webmssdk' from origin 'https://www.tiktok.com' has been blocked by CORS policy: Response to preflight request doesn't pass access control check: No 'Access-Control-Allow-Origin' header is present on the requested resource. @ https://www.tiktok.com/embed/v2/7615970225393077524?lang=en-US&referrer=http%3A%2F%2Flocalhost%3A3000%2F%23portfolio&embedFrom=oembed:0
[    5513ms] [ERROR] Failed to load resource: net::ERR_FAILED @ https://mon.tiktokv.com/monitor_browser/collect/batch/?biz_id=webmssdk:0
[    5572ms] [ERROR] Access to XMLHttpRequest at 'https://mon.tiktokv.com/monitor_browser/collect/batch/?biz_id=pns_consent_system' from origin 'https://www.tiktok.com' has been blocked by CORS policy: Response to preflight request doesn't pass access control check: No 'Access-Control-Allow-Origin' header is present on the requested resource. @ https://www.tiktok.com/embed/v2/7625407953041902878?lang=en-US&referrer=http%3A%2F%2Flocalhost%3A3000%2F%23portfolio&embedFrom=oembed:0
[    5572ms] [ERROR] Failed to load resource: net::ERR_FAILED @ https://mon.tiktokv.com/monitor_browser/collect/batch/?biz_id=pns_consent_system:0
[    5573ms] [ERROR] Access to XMLHttpRequest at 'https://mon.tiktokv.com/monitor_browser/collect/batch/?biz_id=pns_cookie_banner_slardar' from origin 'https://www.tiktok.com' has been blocked by CORS policy: Response to preflight request doesn't pass access control check: No 'Access-Control-Allow-Origin' header is present on the requested resource. @ https://www.tiktok.com/embed/v2/7625407953041902878?lang=en-US&referrer=http%3A%2F%2Flocalhost%3A3000%2F%23portfolio&embedFrom=oembed:0
[    5573ms] [ERROR] Failed to load resource: net::ERR_FAILED @ https://mon.tiktokv.com/monitor_browser/collect/batch/?biz_id=pns_cookie_banner_slardar:0
[    5720ms] [ERROR] Access to XMLHttpRequest at 'https://mon.tiktokv.com/monitor_browser/collect/batch/?biz_id=pns_consent_system' from origin 'https://www.tiktok.com' has been blocked by CORS policy: Response to preflight request doesn't pass access control check: No 'Access-Control-Allow-Origin' header is present on the requested resource. @ https://www.tiktok.com/embed/v2/7625407953041902878?lang=en-US&referrer=http%3A%2F%2Flocalhost%3A3000%2F%23portfolio&embedFrom=oembed:0
[    5720ms] [ERROR] Failed to load resource: net::ERR_FAILED @ https://mon.tiktokv.com/monitor_browser/collect/batch/?biz_id=pns_consent_system:0
[    5776ms] [ERROR] Access to fetch at 'https://mon.tiktokv.com/monitor_browser/collect/batch/?bid=tiktok_pns_web_runtime' from origin 'https://www.tiktok.com' has been blocked by CORS policy: Response to preflight request doesn't pass access control check: No 'Access-Control-Allow-Origin' header is present on the requested resource. @ https://www.tiktok.com/embed/v2/7625407953041902878?lang=en-US&referrer=http%3A%2F%2Flocalhost%3A3000%2F%23portfolio&embedFrom=oembed:0
[    5777ms] [ERROR] Failed to load resource: net::ERR_FAILED @ https://mon.tiktokv.com/monitor_browser/collect/batch/?bid=tiktok_pns_web_runtime:0
[    5809ms] [ERROR] Access to XMLHttpRequest at 'https://mon.tiktokv.com/monitor_browser/collect/batch/?biz_id=tiktok_web_embed' from origin 'https://www.tiktok.com' has been blocked by CORS policy: Response to preflight request doesn't pass access control check: No 'Access-Control-Allow-Origin' header is present on the requested resource. @ https://www.tiktok.com/embed/v2/7625407953041902878?lang=en-US&referrer=http%3A%2F%2Flocalhost%3A3000%2F%23portfolio&embedFrom=oembed:0
[    5809ms] [ERROR] Failed to load resource: net::ERR_FAILED @ https://mon.tiktokv.com/monitor_browser/collect/batch/?biz_id=tiktok_web_embed:0
[    6185ms] [ERROR] Access to fetch at 'https://mon.tiktokv.com/monitor_browser/collect/batch/?bid=tiktok_pns_web_runtime' from origin 'https://www.tiktok.com' has been blocked by CORS policy: Response to preflight request doesn't pass access control check: No 'Access-Control-Allow-Origin' header is present on the requested resource. @ https://www.tiktok.com/embed/v2/7625407953041902878?lang=en-US&referrer=http%3A%2F%2Flocalhost%3A3000%2F%23portfolio&embedFrom=oembed:0
[    6185ms] [ERROR] Failed to load resource: net::ERR_FAILED @ https://mon.tiktokv.com/monitor_browser/collect/batch/?bid=tiktok_pns_web_runtime:0
[    6292ms] [ERROR] Access to XMLHttpRequest at 'https://mon.tiktokv.com/monitor_browser/collect/batch/?biz_id=webmssdk' from origin 'https://www.tiktok.com' has been blocked by CORS policy: Response to preflight request doesn't pass access control check: No 'Access-Control-Allow-Origin' header is present on the requested resource. @ https://www.tiktok.com/embed/v2/7625407953041902878?lang=en-US&referrer=http%3A%2F%2Flocalhost%3A3000%2F%23portfolio&embedFrom=oembed:0
[    6292ms] [ERROR] Failed to load resource: net::ERR_FAILED @ https://mon.tiktokv.com/monitor_browser/collect/batch/?biz_id=webmssdk:0
[    6322ms] [ERROR] Access to XMLHttpRequest at 'https://mon.tiktokv.com/monitor_browser/collect/batch/?biz_id=tiktok_web_embed' from origin 'https://www.tiktok.com' has been blocked by CORS policy: Response to preflight request doesn't pass access control check: No 'Access-Control-Allow-Origin' header is present on the requested resource. @ https://www.tiktok.com/embed/v2/7615970225393077524?lang=en-US&referrer=http%3A%2F%2Flocalhost%3A3000%2F%23portfolio&embedFrom=oembed:0
[    6322ms] [ERROR] Failed to load resource: net::ERR_FAILED @ https://mon.tiktokv.com/monitor_browser/collect/batch/?biz_id=tiktok_web_embed:0
[    6516ms] [ERROR] Access to XMLHttpRequest at 'https://mon.tiktokv.com/monitor_browser/collect/batch/?biz_id=tiktok_web_embed' from origin 'https://www.tiktok.com' has been blocked by CORS policy: Response to preflight request doesn't pass access control check: No 'Access-Control-Allow-Origin' header is present on the requested resource. @ https://www.tiktok.com/embed/v2/7625407953041902878?lang=en-US&referrer=http%3A%2F%2Flocalhost%3A3000%2F%23portfolio&embedFrom=oembed:0
[    6516ms] [ERROR] Failed to load resource: net::ERR_FAILED @ https://mon.tiktokv.com/monitor_browser/collect/batch/?biz_id=tiktok_web_embed:0
[    6624ms] [ERROR] Access to XMLHttpRequest at 'https://mon.tiktokv.com/monitor_browser/collect/batch/?biz_id=pns_consent_system' from origin 'https://www.tiktok.com' has been blocked by CORS policy: Response to preflight request doesn't pass access control check: No 'Access-Control-Allow-Origin' header is present on the requested resource. @ https://www.tiktok.com/embed/v2/7625407953041902878?lang=en-US&referrer=http%3A%2F%2Flocalhost%3A3000%2F%23portfolio&embedFrom=oembed:0
[    6624ms] [ERROR] Failed to load resource: net::ERR_FAILED @ https://mon.tiktokv.com/monitor_browser/collect/batch/?biz_id=pns_consent_system:0
[    6694ms] [ERROR] Access to XMLHttpRequest at 'https://mon.tiktokv.com/monitor_browser/collect/batch/?biz_id=pns_cookie_banner_slardar' from origin 'https://www.tiktok.com' has been blocked by CORS policy: Response to preflight request doesn't pass access control check: No 'Access-Control-Allow-Origin' header is present on the requested resource. @ https://www.tiktok.com/embed/v2/7625407953041902878?lang=en-US&referrer=http%3A%2F%2Flocalhost%3A3000%2F%23portfolio&embedFrom=oembed:0
[    6695ms] [ERROR] Failed to load resource: net::ERR_FAILED @ https://mon.tiktokv.com/monitor_browser/collect/batch/?biz_id=pns_cookie_banner_slardar:0
[    7046ms] [ERROR] Access to XMLHttpRequest at 'https://mon.tiktokv.com/monitor_browser/collect/batch/?biz_id=webmssdk' from origin 'https://www.tiktok.com' has been blocked by CORS policy: Response to preflight request doesn't pass access control check: No 'Access-Control-Allow-Origin' header is present on the requested resource. @ https://www.tiktok.com/embed/v2/7625407953041902878?lang=en-US&referrer=http%3A%2F%2Flocalhost%3A3000%2F%23portfolio&embedFrom=oembed:0
[    7046ms] [ERROR] Failed to load resource: net::ERR_FAILED @ https://mon.tiktokv.com/monitor_browser/collect/batch/?biz_id=webmssdk:0
[    7227ms] [ERROR] Access to XMLHttpRequest at 'https://mon.tiktokv.com/monitor_browser/collect/batch/?biz_id=pns_cookie_banner_slardar' from origin 'https://www.tiktok.com' has been blocked by CORS policy: Response to preflight request doesn't pass access control check: No 'Access-Control-Allow-Origin' header is present on the requested resource. @ https://www.tiktok.com/embed/v2/7625407953041902878?lang=en-US&referrer=http%3A%2F%2Flocalhost%3A3000%2F%23portfolio&embedFrom=oembed:0
[    7227ms] [ERROR] Failed to load resource: net::ERR_FAILED @ https://mon.tiktokv.com/monitor_browser/collect/batch/?biz_id=pns_cookie_banner_slardar:0
[    7407ms] [ERROR] Access to XMLHttpRequest at 'https://mon.tiktokv.com/monitor_browser/collect/batch/?biz_id=pns_consent_system' from origin 'https://www.tiktok.com' has been blocked by CORS policy: Response to preflight request doesn't pass access control check: No 'Access-Control-Allow-Origin' header is present on the requested resource. @ https://www.tiktok.com/embed/v2/7615970225393077524?lang=en-US&referrer=http%3A%2F%2Flocalhost%3A3000%2F%23portfolio&embedFrom=oembed:0
[    7407ms] [ERROR] Failed to load resource: net::ERR_FAILED @ https://mon.tiktokv.com/monitor_browser/collect/batch/?biz_id=pns_consent_system:0
[    7423ms] [ERROR] Access to fetch at 'https://mon.tiktokv.com/monitor_browser/collect/batch/?bid=tiktok_pns_web_runtime' from origin 'https://www.tiktok.com' has been blocked by CORS policy: Response to preflight request doesn't pass access control check: No 'Access-Control-Allow-Origin' header is present on the requested resource. @ https://www.tiktok.com/embed/v2/7625407953041902878?lang=en-US&referrer=http%3A%2F%2Flocalhost%3A3000%2F%23portfolio&embedFrom=oembed:0
[    7423ms] [ERROR] Failed to load resource: net::ERR_FAILED @ https://mon.tiktokv.com/monitor_browser/collect/batch/?bid=tiktok_pns_web_runtime:0
[    7587ms] [ERROR] Access to XMLHttpRequest at 'https://mon.tiktokv.com/monitor_browser/collect/batch/?biz_id=tiktok_web_embed' from origin 'https://www.tiktok.com' has been blocked by CORS policy: Response to preflight request doesn't pass access control check: No 'Access-Control-Allow-Origin' header is present on the requested resource. @ https://www.tiktok.com/embed/v2/7625407953041902878?lang=en-US&referrer=http%3A%2F%2Flocalhost%3A3000%2F%23portfolio&embedFrom=oembed:0
[    7587ms] [ERROR] Failed to load resource: net::ERR_FAILED @ https://mon.tiktokv.com/monitor_browser/collect/batch/?biz_id=tiktok_web_embed:0
[    7614ms] [ERROR] Access to fetch at 'https://mon.tiktokv.com/monitor_browser/collect/batch/?bid=tiktok_pns_web_runtime' from origin 'https://www.tiktok.com' has been blocked by CORS policy: Response to preflight request doesn't pass access control check: No 'Access-Control-Allow-Origin' header is present on the requested resource. @ https://www.tiktok.com/embed/v2/7615970225393077524?lang=en-US&referrer=http%3A%2F%2Flocalhost%3A3000%2F%23portfolio&embedFrom=oembed:0
[    7614ms] [ERROR] Failed to load resource: net::ERR_FAILED @ https://mon.tiktokv.com/monitor_browser/collect/batch/?bid=tiktok_pns_web_runtime:0
[    7861ms] [ERROR] Access to XMLHttpRequest at 'https://mon.tiktokv.com/monitor_browser/collect/batch/?biz_id=pns_cookie_banner_slardar' from origin 'https://www.tiktok.com' has been blocked by CORS policy: Response to preflight request doesn't pass access control check: No 'Access-Control-Allow-Origin' header is present on the requested resource. @ https://www.tiktok.com/embed/v2/7625407953041902878?lang=en-US&referrer=http%3A%2F%2Flocalhost%3A3000%2F%23portfolio&embedFrom=oembed:0
[    7861ms] [ERROR] Failed to load resource: net::ERR_FAILED @ https://mon.tiktokv.com/monitor_browser/collect/batch/?biz_id=pns_cookie_banner_slardar:0
[    7898ms] [ERROR] Access to XMLHttpRequest at 'https://mon.tiktokv.com/monitor_browser/collect/batch/?biz_id=pns_cookie_banner_slardar' from origin 'https://www.tiktok.com' has been blocked by CORS policy: Response to preflight request doesn't pass access control check: No 'Access-Control-Allow-Origin' header is present on the requested resource. @ https://www.tiktok.com/embed/v2/7625407953041902878?lang=en-US&referrer=http%3A%2F%2Flocalhost%3A3000%2F%23portfolio&embedFrom=oembed:0
[    7898ms] [ERROR] Failed to load resource: net::ERR_FAILED @ https://mon.tiktokv.com/monitor_browser/collect/batch/?biz_id=pns_cookie_banner_slardar:0
[    7901ms] [ERROR] Access to XMLHttpRequest at 'https://mon.tiktokv.com/monitor_browser/collect/batch/?biz_id=webmssdk' from origin 'https://www.tiktok.com' has been blocked by CORS policy: Response to preflight request doesn't pass access control check: No 'Access-Control-Allow-Origin' header is present on the requested resource. @ https://www.tiktok.com/embed/v2/7625407953041902878?lang=en-US&referrer=http%3A%2F%2Flocalhost%3A3000%2F%23portfolio&embedFrom=oembed:0
[    7902ms] [ERROR] Failed to load resource: net::ERR_FAILED @ https://mon.tiktokv.com/monitor_browser/collect/batch/?biz_id=webmssdk:0
[    7922ms] [ERROR] Access to XMLHttpRequest at 'https://mon.tiktokv.com/monitor_browser/collect/batch/?biz_id=pns_consent_system' from origin 'https://www.tiktok.com' has been blocked by CORS policy: Response to preflight request doesn't pass access control check: No 'Access-Control-Allow-Origin' header is present on the requested resource. @ https://www.tiktok.com/embed/v2/7625407953041902878?lang=en-US&referrer=http%3A%2F%2Flocalhost%3A3000%2F%23portfolio&embedFrom=oembed:0
[    7923ms] [ERROR] Failed to load resource: net::ERR_FAILED @ https://mon.tiktokv.com/monitor_browser/collect/batch/?biz_id=pns_consent_system:0
[    7935ms] [ERROR] Access to XMLHttpRequest at 'https://mon.tiktokv.com/monitor_browser/collect/batch/?biz_id=pns_cookie_banner_slardar' from origin 'https://www.tiktok.com' has been blocked by CORS policy: Response to preflight request doesn't pass access control check: No 'Access-Control-Allow-Origin' header is present on the requested resource. @ https://www.tiktok.com/embed/v2/7625407953041902878?lang=en-US&referrer=http%3A%2F%2Flocalhost%3A3000%2F%23portfolio&embedFrom=oembed:0
[    7935ms] [ERROR] Failed to load resource: net::ERR_FAILED @ https://mon.tiktokv.com/monitor_browser/collect/batch/?biz_id=pns_cookie_banner_slardar:0
[    8668ms] [ERROR] Access to XMLHttpRequest at 'https://mon.tiktokv.com/monitor_browser/collect/batch/?biz_id=pns_cookie_banner_slardar' from origin 'https://www.tiktok.com' has been blocked by CORS policy: Response to preflight request doesn't pass access control check: No 'Access-Control-Allow-Origin' header is present on the requested resource. @ https://www.tiktok.com/embed/v2/7625407953041902878?lang=en-US&referrer=http%3A%2F%2Flocalhost%3A3000%2F%23portfolio&embedFrom=oembed:0
[    8668ms] [ERROR] Failed to load resource: net::ERR_FAILED @ https://mon.tiktokv.com/monitor_browser/collect/batch/?biz_id=pns_cookie_banner_slardar:0
[    8877ms] [ERROR] Access to XMLHttpRequest at 'https://mon.tiktokv.com/monitor_browser/collect/batch/?biz_id=tiktok_web_embed' from origin 'https://www.tiktok.com' has been blocked by CORS policy: Response to preflight request doesn't pass access control check: No 'Access-Control-Allow-Origin' header is present on the requested resource. @ https://www.tiktok.com/embed/v2/7625407953041902878?lang=en-US&referrer=http%3A%2F%2Flocalhost%3A3000%2F%23portfolio&embedFrom=oembed:0
[    8877ms] [ERROR] Failed to load resource: net::ERR_FAILED @ https://mon.tiktokv.com/monitor_browser/collect/batch/?biz_id=tiktok_web_embed:0
[    9492ms] [ERROR] Access to XMLHttpRequest at 'https://mon.tiktokv.com/monitor_browser/collect/batch/?biz_id=pns_cookie_banner_slardar' from origin 'https://www.tiktok.com' has been blocked by CORS policy: Response to preflight request doesn't pass access control check: No 'Access-Control-Allow-Origin' header is present on the requested resource. @ https://www.tiktok.com/embed/v2/7615970225393077524?lang=en-US&referrer=http%3A%2F%2Flocalhost%3A3000%2F%23portfolio&embedFrom=oembed:0
[    9492ms] [ERROR] Failed to load resource: net::ERR_FAILED @ https://mon.tiktokv.com/monitor_browser/collect/batch/?biz_id=pns_cookie_banner_slardar:0
[   10177ms] [ERROR] Access to XMLHttpRequest at 'https://mon.tiktokv.com/monitor_browser/collect/batch/?biz_id=pns_cookie_banner_slardar' from origin 'https://www.tiktok.com' has been blocked by CORS policy: Response to preflight request doesn't pass access control check: No 'Access-Control-Allow-Origin' header is present on the requested resource. @ https://www.tiktok.com/embed/v2/7615970225393077524?lang=en-US&referrer=http%3A%2F%2Flocalhost%3A3000%2F%23portfolio&embedFrom=oembed:0
[   10177ms] [ERROR] Failed to load resource: net::ERR_FAILED @ https://mon.tiktokv.com/monitor_browser/collect/batch/?biz_id=pns_cookie_banner_slardar:0
[   16959ms] [ERROR] Access to fetch at 'https://mon.tiktokv.com/monitor_browser/collect/batch/?bid=tiktok_pns_web_runtime' from origin 'https://www.tiktok.com' has been blocked by CORS policy: Response to preflight request doesn't pass access control check: No 'Access-Control-Allow-Origin' header is present on the requested resource. @ https://www.tiktok.com/embed/v2/7625407953041902878?lang=en-US&referrer=http%3A%2F%2Flocalhost%3A3000%2F%23portfolio&embedFrom=oembed:0
[   16959ms] [ERROR] Failed to load resource: net::ERR_FAILED @ https://mon.tiktokv.com/monitor_browser/collect/batch/?bid=tiktok_pns_web_runtime:0
